2017-04-10 10:46:45 [OkHttp https://www.lagou.com/...] wuxian.me.lagouspider.control.FailureMonitor.fail(FailureMonitor.java:51) Job fail,fail times: 1 AreaSpider area_name: 宁围 ,distinct_name: 萧山区 Fail reason: httpcode 404 ,message Not Found
2017-04-10 10:46:45 [OkHttp https://www.lagou.com/...] wuxian.me.lagouspider.control.FailureMonitor.fail(FailureMonitor.java:51) Job fail,fail times: 1 AreaSpider area_name: 市心北路 ,distinct_name: 萧山区 Fail reason: httpcode 404 ,message Not Found
2017-04-10 10:46:46 [OkHttp https://www.lagou.com/...] wuxian.me.lagouspider.control.FailureMonitor.fail(FailureMonitor.java:51) Job fail,fail times: 1 AreaSpider area_name: 建设二路 ,distinct_name: 萧山区 Fail reason: httpcode 404 ,message Not Found
2017-04-10 10:46:46 [OkHttp https://www.lagou.com/...] wuxian.me.lagouspider.control.FailureMonitor.fail(FailureMonitor.java:51) Job fail,fail times: 1 AreaSpider area_name: 建设三路 ,distinct_name: 萧山区 Fail reason: httpcode 404 ,message Not Found
2017-04-10 10:46:46 [OkHttp https://www.lagou.com/...] wuxian.me.lagouspider.control.FailureMonitor.fail(FailureMonitor.java:51) Job fail,fail times: 1 AreaSpider area_name: 建设一路 ,distinct_name: 萧山区 Fail reason: httpcode 404 ,message Not Found
2017-04-10 10:46:46 [OkHttp https://www.lagou.com/...] wuxian.me.lagouspider.control.FailureMonitor.fail(FailureMonitor.java:51) Job fail,fail times: 1 AreaSpider area_name: 金城路 ,distinct_name: 萧山区 Fail reason: httpcode 404 ,message Not Found
2017-04-10 10:46:46 [OkHttp https://www.lagou.com/...] wuxian.me.lagouspider.control.FailureMonitor.fail(FailureMonitor.java:51) Job fail,fail times: 1 AreaSpider area_name: 文明路 ,distinct_name: 萧山区 Fail reason: httpcode 404 ,message Not Found
2017-04-10 10:46:46 [OkHttp https://www.lagou.com/...] wuxian.me.lagouspider.control.FailureMonitor.fail(FailureMonitor.java:51) Job fail,fail times: 1 AreaSpider area_name: 工人路 ,distinct_name: 萧山区 Fail reason: httpcode 404 ,message Not Found
2017-04-10 10:46:46 [OkHttp https://www.lagou.com/...] wuxian.me.lagouspider.control.FailureMonitor.fail(FailureMonitor.java:51) Job fail,fail times: 1 AreaSpider area_name: 金鸡路 ,distinct_name: 萧山区 Fail reason: httpcode 404 ,message Not Found
2017-04-10 10:46:46 [OkHttp https://www.lagou.com/...] wuxian.me.lagouspider.control.FailureMonitor.fail(FailureMonitor.java:51) Job fail,fail times: 1 AreaSpider area_name: 萧金路 ,distinct_name: 萧山区 Fail reason: httpcode 404 ,message Not Found
2017-04-10 10:46:46 [OkHttp https://www.lagou.com/...] wuxian.me.lagouspider.control.FailureMonitor.fail(FailureMonitor.java:51) Job fail,fail times: 1 AreaSpider area_name: 湘湖路 ,distinct_name: 萧山区 Fail reason: httpcode 404 ,message Not Found
2017-04-10 10:46:46 [OkHttp https://www.lagou.com/...] wuxian.me.lagouspider.control.FailureMonitor.fail(FailureMonitor.java:51) Job fail,fail times: 1 AreaSpider area_name: 闻堰 ,distinct_name: 萧山区 Fail reason: httpcode 404 ,message Not Found
2017-04-10 10:46:46 [OkHttp https://www.lagou.com/...] wuxian.me.lagouspider.control.FailureMonitor.fail(FailureMonitor.java:51) Job fail,fail times: 1 AreaSpider area_name: 北干 ,distinct_name: 萧山区 Fail reason: httpcode 404 ,message Not Found
2017-04-10 10:46:46 [OkHttp https://www.lagou.com/...] wuxian.me.lagouspider.control.FailureMonitor.fail(FailureMonitor.java:51) Job fail,fail times: 1 AreaSpider area_name: 坎山 ,distinct_name: 萧山区 Fail reason: httpcode 404 ,message Not Found
2017-04-10 10:46:46 [OkHttp https://www.lagou.com/...] wuxian.me.lagouspider.control.FailureMonitor.fail(FailureMonitor.java:51) Job fail,fail times: 1 AreaSpider area_name: 蜀山 ,distinct_name: 萧山区 Fail reason: httpcode 404 ,message Not Found
2017-04-10 10:46:46 [OkHttp https://www.lagou.com/...] wuxian.me.lagouspider.control.FailureMonitor.fail(FailureMonitor.java:51) Job fail,fail times: 1 AreaSpider area_name: 衙前 ,distinct_name: 萧山区 Fail reason: httpcode 404 ,message Not Found
2017-04-10 10:46:46 [OkHttp https://www.lagou.com/...] wuxian.me.lagouspider.control.FailureMonitor.fail(FailureMonitor.java:51) Job fail,fail times: 1 AreaSpider area_name: 山阴 ,distinct_name: 萧山区 Fail reason: httpcode 404 ,message Not Found
2017-04-10 10:46:46 [OkHttp https://www.lagou.com/...] wuxian.me.lagouspider.control.FailureMonitor.fail(FailureMonitor.java:51) Job fail,fail times: 1 AreaSpider area_name: 通惠北路 ,distinct_name: 萧山区 Fail reason: httpcode 404 ,message Not Found
2017-04-10 10:46:46 [OkHttp https://www.lagou.com/...] wuxian.me.lagouspider.control.FailureMonitor.fail(FailureMonitor.java:51) Job fail,fail times: 1 AreaSpider area_name: 靖江 ,distinct_name: 萧山区 Fail reason: httpcode 404 ,message Not Found
2017-04-10 10:46:46 [OkHttp https://www.lagou.com/...] wuxian.me.lagouspider.control.FailureMonitor.fail(FailureMonitor.java:51) Job fail,fail times: 1 AreaSpider area_name: 新塘 ,distinct_name: 萧山区 Fail reason: httpcode 404 ,message Not Found
2017-04-10 10:46:46 [OkHttp https://www.lagou.com/...] wuxian.me.lagouspider.control.FailureMonitor.fail(FailureMonitor.java:51) Job fail,fail times: 1 AreaSpider area_name: 金惠路 ,distinct_name: 萧山区 Fail reason: httpcode 404 ,message Not Found
2017-04-10 10:46:46 [OkHttp https://www.lagou.com/...] wuxian.me.lagouspider.control.FailureMonitor.fail(FailureMonitor.java:51) Job fail,fail times: 1 AreaSpider area_name: 城厢 ,distinct_name: 萧山区 Fail reason: httpcode 404 ,message Not Found
2017-04-10 10:46:46 [OkHttp https://www.lagou.com/...] wuxian.me.lagouspider.control.FailureMonitor.fail(FailureMonitor.java:51) Job fail,fail times: 1 AreaSpider area_name: 高桥 ,distinct_name: 萧山区 Fail reason: httpcode 404 ,message Not Found
2017-04-10 10:46:46 [OkHttp https://www.lagou.com/...] wuxian.me.lagouspider.control.FailureMonitor.fail(FailureMonitor.java:51) Job fail,fail times: 1 AreaSpider area_name: 市心南路 ,distinct_name: 萧山区 Fail reason: httpcode 404 ,message Not Found
2017-04-10 10:46:46 [OkHttp https://www.lagou.com/...] wuxian.me.lagouspider.control.FailureMonitor.fail(FailureMonitor.java:51) Job fail,fail times: 1 AreaSpider area_name: 望江 ,distinct_name: 上城区 Fail reason: httpcode 404 ,message Not Found
2017-04-10 10:46:46 [OkHttp https://www.lagou.com/...] wuxian.me.lagouspider.control.FailureMonitor.fail(FailureMonitor.java:51) Job fail,fail times: 1 AreaSpider area_name: 近江 ,distinct_name: 上城区 Fail reason: httpcode 404 ,message Not Found
2017-04-10 10:46:46 [OkHttp https://www.lagou.com/...] wuxian.me.lagouspider.control.FailureMonitor.fail(FailureMonitor.java:51) Job fail,fail times: 1 AreaSpider area_name: 南星 ,distinct_name: 上城区 Fail reason: httpcode 404 ,message Not Found
2017-04-10 10:46:46 [OkHttp https://www.lagou.com/...] wuxian.me.lagouspider.control.FailureMonitor.fail(FailureMonitor.java:51) Job fail,fail times: 1 AreaSpider area_name: 紫阳 ,distinct_name: 上城区 Fail reason: httpcode 404 ,message Not Found
2017-04-10 10:46:46 [OkHttp https://www.lagou.com/...] wuxian.me.lagouspider.control.FailureMonitor.fail(FailureMonitor.java:51) Job fail,fail times: 1 AreaSpider area_name: 小营 ,distinct_name: 上城区 Fail reason: httpcode 404 ,message Not Found
2017-04-10 10:46:46 [OkHttp https://www.lagou.com/...] wuxian.me.lagouspider.control.FailureMonitor.fail(FailureMonitor.java:51) Job fail,fail times: 1 AreaSpider area_name: 复兴路 ,distinct_name: 上城区 Fail reason: httpcode 404 ,message Not Found
2017-04-10 10:46:46 [OkHttp https://www.lagou.com/...] wuxian.me.lagouspider.control.FailureMonitor.fail(FailureMonitor.java:51) Job fail,fail times: 1 AreaSpider area_name: 湖滨 ,distinct_name: 上城区 Fail reason: httpcode 404 ,message Not Found
2017-04-10 10:46:46 [OkHttp https://www.lagou.com/...] wuxian.me.lagouspider.control.FailureMonitor.fail(FailureMonitor.java:51) Job fail,fail times: 1 AreaSpider area_name: 西湖大道 ,distinct_name: 上城区 Fail reason: httpcode 404 ,message Not Found
2017-04-10 10:46:46 [OkHttp https://www.lagou.com/...] wuxian.me.lagouspider.control.FailureMonitor.fail(FailureMonitor.java:51) Job fail,fail times: 1 AreaSpider area_name: 吴山广场 ,distinct_name: 上城区 Fail reason: httpcode 404 ,message Not Found
2017-04-10 10:46:46 [OkHttp https://www.lagou.com/...] wuxian.me.lagouspider.control.FailureMonitor.fail(FailureMonitor.java:51) Job fail,fail times: 1 AreaSpider area_name: 河坊街 ,distinct_name: 上城区 Fail reason: httpcode 404 ,message Not Found
2017-04-10 10:46:46 [OkHttp https://www.lagou.com/...] wuxian.me.lagouspider.control.FailureMonitor.fail(FailureMonitor.java:51) Job fail,fail times: 1 AreaSpider area_name: 万松岭 ,distinct_name: 上城区 Fail reason: httpcode 404 ,message Not Found
2017-04-10 10:46:46 [OkHttp https://www.lagou.com/...] wuxian.me.lagouspider.control.FailureMonitor.fail(FailureMonitor.java:51) Job fail,fail times: 1 AreaSpider area_name: 解放路 ,distinct_name: 上城区 Fail reason: httpcode 404 ,message Not Found
2017-04-10 10:46:46 [OkHttp https://www.lagou.com/...] wuxian.me.lagouspider.control.FailureMonitor.fail(FailureMonitor.java:51) Job fail,fail times: 1 AreaSpider area_name: 江城路 ,distinct_name: 上城区 Fail reason: httpcode 404 ,message Not Found
2017-04-10 10:46:46 [OkHttp https://www.lagou.com/...] wuxian.me.lagouspider.control.FailureMonitor.fail(FailureMonitor.java:51) Job fail,fail times: 1 AreaSpider area_name: 城站火车站 ,distinct_name: 上城区 Fail reason: httpcode 404 ,message Not Found
2017-04-10 10:46:46 [OkHttp https://www.lagou.com/...] wuxian.me.lagouspider.control.FailureMonitor.fail(FailureMonitor.java:51) Job fail,fail times: 1 AreaSpider area_name: 南山路 ,distinct_name: 上城区 Fail reason: httpcode 404 ,message Not Found
2017-04-10 10:46:46 [OkHttp https://www.lagou.com/...] wuxian.me.lagouspider.control.FailureMonitor.fail(FailureMonitor.java:51) Job fail,fail times: 1 AreaSpider area_name: 清波 ,distinct_name: 上城区 Fail reason: httpcode 404 ,message Not Found
2017-04-10 10:46:46 [OkHttp https://www.lagou.com/...] wuxian.me.lagouspider.control.FailureMonitor.fail(FailureMonitor.java:51) Job fail,fail times: 1 AreaSpider area_name: 吴山 ,distinct_name: 上城区 Fail reason: httpcode 404 ,message Not Found
2017-04-10 10:46:46 [OkHttp https://www.lagou.com/...] wuxian.me.lagouspider.control.FailureMonitor.fail(FailureMonitor.java:51) Job fail,fail times: 1 AreaSpider area_name: 清泰街 ,distinct_name: 上城区 Fail reason: httpcode 404 ,message Not Found
2017-04-10 10:46:46 [OkHttp https://www.lagou.com/...] wuxian.me.lagouspider.control.FailureMonitor.fail(FailureMonitor.java:51) Job fail,fail times: 1 AreaSpider area_name: 东新路 ,distinct_name: 下城区 Fail reason: httpcode 404 ,message Not Found
2017-04-10 10:46:46 [OkHttp https://www.lagou.com/...] wuxian.me.lagouspider.control.FailureMonitor.fail(FailureMonitor.java:51) Job fail,fail times: 1 AreaSpider area_name: 朝晖 ,distinct_name: 下城区 Fail reason: httpcode 404 ,message Not Found
2017-04-10 10:46:46 [OkHttp https://www.lagou.com/...] wuxian.me.lagouspider.control.FailureMonitor.fail(FailureMonitor.java:51) Job fail,fail times: 1 AreaSpider area_name: 天水 ,distinct_name: 下城区 Fail reason: httpcode 404 ,message Not Found
2017-04-10 10:46:46 [OkHttp https://www.lagou.com/...] wuxian.me.lagouspider.control.FailureMonitor.fail(FailureMonitor.java:51) Job fail,fail times: 1 AreaSpider area_name: 凤起路 ,distinct_name: 下城区 Fail reason: httpcode 404 ,message Not Found
2017-04-10 10:46:46 [OkHttp https://www.lagou.com/...] wuxian.me.lagouspider.control.FailureMonitor.fail(FailureMonitor.java:51) Job fail,fail times: 1 AreaSpider area_name: 武林广场 ,distinct_name: 下城区 Fail reason: httpcode 404 ,message Not Found
2017-04-10 10:46:46 [OkHttp https://www.lagou.com/...] wuxian.me.lagouspider.control.FailureMonitor.fail(FailureMonitor.java:51) Job fail,fail times: 1 AreaSpider area_name: 建国路 ,distinct_name: 下城区 Fail reason: httpcode 404 ,message Not Found
2017-04-10 10:46:47 [OkHttp https://www.lagou.com/...] wuxian.me.lagouspider.control.FailureMonitor.fail(FailureMonitor.java:51) Job fail,fail times: 1 AreaSpider area_name: 庆春路 ,distinct_name: 下城区 Fail reason: httpcode 404 ,message Not Found
2017-04-10 10:46:47 [OkHttp https://www.lagou.com/...] wuxian.me.lagouspider.control.FailureMonitor.fail(FailureMonitor.java:51) Job fail,fail times: 1 AreaSpider area_name: 艮山 ,distinct_name: 下城区 Fail reason: httpcode 404 ,message Not Found
2017-04-10 10:46:47 [OkHttp https://www.lagou.com/...] wuxian.me.lagouspider.control.FailureMonitor.fail(FailureMonitor.java:51) Job fail,fail times: 1 AreaSpider area_name: 环城西路 ,distinct_name: 下城区 Fail reason: httpcode 404 ,message Not Found
2017-04-10 10:46:47 [OkHttp https://www.lagou.com/...] wuxian.me.lagouspider.control.FailureMonitor.fail(FailureMonitor.java:51) Job fail,fail times: 1 AreaSpider area_name: 潮鸣 ,distinct_name: 下城区 Fail reason: httpcode 404 ,message Not Found
2017-04-10 10:46:47 [OkHttp https://www.lagou.com/...] wuxian.me.lagouspider.control.FailureMonitor.fail(FailureMonitor.java:51) Job fail,fail times: 1 AreaSpider area_name: 长庆 ,distinct_name: 下城区 Fail reason: httpcode 404 ,message Not Found
2017-04-10 10:46:47 [OkHttp https://www.lagou.com/...] wuxian.me.lagouspider.control.FailureMonitor.fail(FailureMonitor.java:51) Job fail,fail times: 1 AreaSpider area_name: 三塘 ,distinct_name: 下城区 Fail reason: httpcode 404 ,message Not Found
2017-04-10 10:46:47 [OkHttp https://www.lagou.com/...] wuxian.me.lagouspider.control.FailureMonitor.fail(FailureMonitor.java:51) Job fail,fail times: 1 AreaSpider area_name: 鹿山 ,distinct_name: 富阳市 Fail reason: httpcode 404 ,message Not Found
2017-04-10 10:46:47 [OkHttp https://www.lagou.com/...] wuxian.me.lagouspider.control.FailureMonitor.fail(FailureMonitor.java:51) Job fail,fail times: 1 AreaSpider area_name: 新安江 ,distinct_name: 建德市 Fail reason: httpcode 404 ,message Not Found
2017-04-10 10:46:47 [OkHttp https://www.lagou.com/...] wuxian.me.lagouspider.control.FailureMonitor.fail(FailureMonitor.java:51) Job fail,fail times: 1 AreaSpider area_name: 锦城 ,distinct_name: 临安市 Fail reason: httpcode 404 ,message Not Found
2017-04-10 10:46:47 [OkHttp https://www.lagou.com/...] wuxian.me.lagouspider.control.FailureMonitor.fail(FailureMonitor.java:51) Job fail,fail times: 1 AreaSpider area_name: 玲珑 ,distinct_name: 临安市 Fail reason: httpcode 404 ,message Not Found
2017-04-10 10:46:47 [OkHttp https://www.lagou.com/...] wuxian.me.lagouspider.control.FailureMonitor.fail(FailureMonitor.java:51) Job fail,fail times: 1 AreaSpider area_name: 千岛湖 ,distinct_name: 淳安县 Fail reason: httpcode 404 ,message Not Found
2017-04-10 17:00:48 [main] wuxian.me.lagouspider.MainTest.ensureIpSwitched(MainTest.java:111) switch ip fail
2017-04-10 17:01:21 [main] wuxian.me.lagouspider.MainTest.ensureIpSwitched(MainTest.java:111) switch ip fail
2017-04-10 17:02:03 [main] wuxian.me.lagouspider.MainTest.ensureIpSwitched(MainTest.java:111) switch ip fail
2017-04-10 17:02:52 [main] wuxian.me.lagouspider.MainTest.ensureIpSwitched(MainTest.java:111) switch ip fail
2017-04-10 17:03:17 [main] wuxian.me.lagouspider.MainTest.ensureIpSwitched(MainTest.java:111) switch ip fail
2017-04-10 17:03:38 [main] wuxian.me.lagouspider.MainTest.ensureIpSwitched(MainTest.java:111) switch ip fail
2017-04-10 17:04:17 [main] wuxian.me.lagouspider.MainTest.ensureIpSwitched(MainTest.java:111) switch ip fail
2017-04-10 17:05:07 [main] wuxian.me.lagouspider.MainTest.ensureIpSwitched(MainTest.java:111) switch ip fail
2017-04-10 17:05:32 [main] wuxian.me.lagouspider.MainTest.ensureIpSwitched(MainTest.java:111) switch ip fail
2017-04-10 17:06:47 [main] wuxian.me.lagouspider.MainTest.ensureIpSwitched(MainTest.java:111) switch ip fail
2017-04-10 17:09:35 [OkHttp https://www.lagou.com/...] wuxian.me.lagouspider.control.FailureMonitor.fail(FailureMonitor.java:86) Job fail,fail times: 1 AreaSpider area_name: 建设二路 ,distinct_name: 萧山区 Fail reason: httpcode 404 ,message Not Found
2017-04-10 17:09:35 [OkHttp https://www.lagou.com/...] wuxian.me.lagouspider.control.FailureMonitor.fail(FailureMonitor.java:90) FirstFailTime: 1491815375805
2017-04-10 17:09:36 [OkHttp https://www.lagou.com/...] wuxian.me.lagouspider.control.FailureMonitor.fail(FailureMonitor.java:86) Job fail,fail times: 1 AreaSpider area_name: 建设三路 ,distinct_name: 萧山区 Fail reason: httpcode 404 ,message Not Found
2017-04-10 17:09:37 [OkHttp https://www.lagou.com/...] wuxian.me.lagouspider.control.FailureMonitor.fail(FailureMonitor.java:86) Job fail,fail times: 1 AreaSpider area_name: 文明路 ,distinct_name: 萧山区 Fail reason: httpcode 404 ,message Not Found
2017-04-10 17:09:38 [OkHttp https://www.lagou.com/...] wuxian.me.lagouspider.control.FailureMonitor.fail(FailureMonitor.java:86) Job fail,fail times: 1 AreaSpider area_name: 金城路 ,distinct_name: 萧山区 Fail reason: httpcode 404 ,message Not Found
2017-04-10 17:09:38 [OkHttp https://www.lagou.com/...] wuxian.me.lagouspider.control.FailureMonitor.fail(FailureMonitor.java:86) Job fail,fail times: 1 AreaSpider area_name: 市心北路 ,distinct_name: 萧山区 Fail reason: httpcode 404 ,message Not Found
2017-04-10 17:09:38 [OkHttp https://www.lagou.com/...] wuxian.me.lagouspider.control.FailureMonitor.fail(FailureMonitor.java:86) Job fail,fail times: 1 AreaSpider area_name: 宁围 ,distinct_name: 萧山区 Fail reason: httpcode 404 ,message Not Found
2017-04-10 17:09:40 [OkHttp https://www.lagou.com/...] wuxian.me.lagouspider.control.FailureMonitor.fail(FailureMonitor.java:86) Job fail,fail times: 1 AreaSpider area_name: 金鸡路 ,distinct_name: 萧山区 Fail reason: httpcode 404 ,message Not Found
2017-04-10 17:09:40 [OkHttp https://www.lagou.com/...] wuxian.me.lagouspider.control.FailureMonitor.fail(FailureMonitor.java:86) Job fail,fail times: 1 AreaSpider area_name: 建设一路 ,distinct_name: 萧山区 Fail reason: httpcode 404 ,message Not Found
2017-04-10 17:09:40 [OkHttp https://www.lagou.com/...] wuxian.me.lagouspider.control.FailureMonitor.fail(FailureMonitor.java:86) Job fail,fail times: 1 AreaSpider area_name: 萧金路 ,distinct_name: 萧山区 Fail reason: httpcode 404 ,message Not Found
2017-04-10 17:09:42 [OkHttp https://www.lagou.com/...] wuxian.me.lagouspider.control.FailureMonitor.fail(FailureMonitor.java:86) Job fail,fail times: 1 AreaSpider area_name: 闻堰 ,distinct_name: 萧山区 Fail reason: httpcode 404 ,message Not Found
2017-04-10 17:09:42 [OkHttp https://www.lagou.com/...] wuxian.me.lagouspider.control.FailureMonitor.fail(FailureMonitor.java:86) Job fail,fail times: 1 AreaSpider area_name: 坎山 ,distinct_name: 萧山区 Fail reason: httpcode 404 ,message Not Found
2017-04-10 17:09:44 [OkHttp https://www.lagou.com/...] wuxian.me.lagouspider.control.FailureMonitor.fail(FailureMonitor.java:86) Job fail,fail times: 1 AreaSpider area_name: 北干 ,distinct_name: 萧山区 Fail reason: httpcode 404 ,message Not Found
2017-04-10 17:09:44 [OkHttp https://www.lagou.com/...] wuxian.me.lagouspider.control.FailureMonitor.fail(FailureMonitor.java:86) Job fail,fail times: 1 AreaSpider area_name: 蜀山 ,distinct_name: 萧山区 Fail reason: httpcode 404 ,message Not Found
2017-04-10 17:09:45 [OkHttp https://www.lagou.com/...] wuxian.me.lagouspider.control.FailureMonitor.fail(FailureMonitor.java:86) Job fail,fail times: 1 AreaSpider area_name: 衙前 ,distinct_name: 萧山区 Fail reason: httpcode 404 ,message Not Found
2017-04-10 17:09:47 [OkHttp https://www.lagou.com/...] wuxian.me.lagouspider.control.FailureMonitor.fail(FailureMonitor.java:86) Job fail,fail times: 1 AreaSpider area_name: 工人路 ,distinct_name: 萧山区 Fail reason: httpcode 404 ,message Not Found
2017-04-10 17:09:48 [OkHttp https://www.lagou.com/...] wuxian.me.lagouspider.control.FailureMonitor.fail(FailureMonitor.java:86) Job fail,fail times: 1 AreaSpider area_name: 靖江 ,distinct_name: 萧山区 Fail reason: httpcode 404 ,message Not Found
2017-04-10 17:09:49 [OkHttp https://www.lagou.com/...] wuxian.me.lagouspider.control.FailureMonitor.fail(FailureMonitor.java:86) Job fail,fail times: 1 AreaSpider area_name: 湘湖路 ,distinct_name: 萧山区 Fail reason: network error
2017-04-10 17:09:50 [OkHttp https://www.lagou.com/...] wuxian.me.lagouspider.control.FailureMonitor.fail(FailureMonitor.java:86) Job fail,fail times: 1 AreaSpider area_name: 通惠北路 ,distinct_name: 萧山区 Fail reason: httpcode 404 ,message Not Found
2017-04-10 17:09:52 [OkHttp https://www.lagou.com/...] wuxian.me.lagouspider.control.FailureMonitor.fail(FailureMonitor.java:86) Job fail,fail times: 1 AreaSpider area_name: 城厢 ,distinct_name: 萧山区 Fail reason: httpcode 404 ,message Not Found
2017-04-10 17:09:53 [OkHttp https://www.lagou.com/...] wuxian.me.lagouspider.control.FailureMonitor.fail(FailureMonitor.java:86) Job fail,fail times: 1 AreaSpider area_name: 金惠路 ,distinct_name: 萧山区 Fail reason: httpcode 404 ,message Not Found
2017-04-10 17:09:53 [OkHttp https://www.lagou.com/...] wuxian.me.lagouspider.control.FailureMonitor.fail(FailureMonitor.java:86) Job fail,fail times: 1 AreaSpider area_name: 新塘 ,distinct_name: 萧山区 Fail reason: httpcode 404 ,message Not Found
2017-04-10 17:09:54 [OkHttp https://www.lagou.com/...] wuxian.me.lagouspider.control.FailureMonitor.fail(FailureMonitor.java:86) Job fail,fail times: 1 AreaSpider area_name: 高桥 ,distinct_name: 萧山区 Fail reason: httpcode 404 ,message Not Found
2017-04-10 17:09:55 [OkHttp https://www.lagou.com/...] wuxian.me.lagouspider.control.FailureMonitor.fail(FailureMonitor.java:86) Job fail,fail times: 1 AreaSpider area_name: 山阴 ,distinct_name: 萧山区 Fail reason: network error
2017-04-10 17:09:56 [OkHttp https://www.lagou.com/...] wuxian.me.lagouspider.control.FailureMonitor.fail(FailureMonitor.java:86) Job fail,fail times: 1 AreaSpider area_name: 南星 ,distinct_name: 上城区 Fail reason: httpcode 404 ,message Not Found
2017-04-10 17:09:58 [OkHttp https://www.lagou.com/...] wuxian.me.lagouspider.control.FailureMonitor.fail(FailureMonitor.java:86) Job fail,fail times: 1 AreaSpider area_name: 近江 ,distinct_name: 上城区 Fail reason: httpcode 404 ,message Not Found
2017-04-10 17:10:00 [OkHttp https://www.lagou.com/...] wuxian.me.lagouspider.control.FailureMonitor.fail(FailureMonitor.java:86) Job fail,fail times: 1 AreaSpider area_name: 紫阳 ,distinct_name: 上城区 Fail reason: httpcode 404 ,message Not Found
2017-04-10 17:10:01 [OkHttp https://www.lagou.com/...] wuxian.me.lagouspider.control.FailureMonitor.fail(FailureMonitor.java:86) Job fail,fail times: 1 AreaSpider area_name: 市心南路 ,distinct_name: 萧山区 Fail reason: network error
2017-04-10 17:10:04 [OkHttp https://www.lagou.com/...] wuxian.me.lagouspider.control.FailureMonitor.fail(FailureMonitor.java:86) Job fail,fail times: 1 AreaSpider area_name: 望江 ,distinct_name: 上城区 Fail reason: network error
2017-04-10 17:10:30 [OkHttp https://www.lagou.com/...] wuxian.me.lagouspider.control.FailureMonitor.fail(FailureMonitor.java:86) Job fail,fail times: 1 AreaPageSpider index:3 area_name: 古墩路 ,distinct_name: 西湖区 Fail reason: httpcode 404 ,message Not Found
2017-04-10 17:10:30 [OkHttp https://www.lagou.com/...] wuxian.me.lagouspider.control.FailureMonitor.fail(FailureMonitor.java:86) Job fail,fail times: 1 AreaPageSpider index:4 area_name: 西溪 ,distinct_name: 西湖区 Fail reason: httpcode 404 ,message Not Found
2017-04-10 17:10:34 [OkHttp https://www.lagou.com/...] wuxian.me.lagouspider.control.FailureMonitor.fail(FailureMonitor.java:86) Job fail,fail times: 1 AreaPageSpider index:8 area_name: 西溪 ,distinct_name: 西湖区 Fail reason: httpcode 404 ,message Not Found
2017-04-10 17:10:35 [OkHttp https://www.lagou.com/...] wuxian.me.lagouspider.control.FailureMonitor.fail(FailureMonitor.java:86) Job fail,fail times: 1 AreaPageSpider index:7 area_name: 西溪 ,distinct_name: 西湖区 Fail reason: httpcode 404 ,message Not Found
2017-04-10 17:10:35 [OkHttp https://www.lagou.com/...] wuxian.me.lagouspider.control.FailureMonitor.fail(FailureMonitor.java:86) Job fail,fail times: 1 AreaPageSpider index:1 area_name: 古墩路 ,distinct_name: 西湖区 Fail reason: httpcode 404 ,message Not Found
2017-04-10 17:10:36 [OkHttp https://www.lagou.com/...] wuxian.me.lagouspider.control.FailureMonitor.fail(FailureMonitor.java:86) Job fail,fail times: 1 AreaPageSpider index:6 area_name: 西溪 ,distinct_name: 西湖区 Fail reason: httpcode 404 ,message Not Found
2017-04-10 17:10:37 [OkHttp https://www.lagou.com/...] wuxian.me.lagouspider.control.FailureMonitor.fail(FailureMonitor.java:86) Job fail,fail times: 1 AreaPageSpider index:6 area_name: 古墩路 ,distinct_name: 西湖区 Fail reason: httpcode 404 ,message Not Found
2017-04-10 17:10:37 [OkHttp https://www.lagou.com/...] wuxian.me.lagouspider.control.FailureMonitor.fail(FailureMonitor.java:86) Job fail,fail times: 1 AreaPageSpider index:5 area_name: 古墩路 ,distinct_name: 西湖区 Fail reason: httpcode 404 ,message Not Found
2017-04-10 17:10:37 [OkHttp https://www.lagou.com/...] wuxian.me.lagouspider.control.FailureMonitor.fail(FailureMonitor.java:86) Job fail,fail times: 1 AreaPageSpider index:5 area_name: 西溪 ,distinct_name: 西湖区 Fail reason: httpcode 404 ,message Not Found
2017-04-10 17:10:38 [OkHttp https://www.lagou.com/...] wuxian.me.lagouspider.control.FailureMonitor.fail(FailureMonitor.java:86) Job fail,fail times: 1 AreaPageSpider index:3 area_name: 西溪 ,distinct_name: 西湖区 Fail reason: network error
2017-04-10 17:10:39 [OkHttp https://www.lagou.com/...] wuxian.me.lagouspider.control.FailureMonitor.fail(FailureMonitor.java:86) Job fail,fail times: 1 AreaPageSpider index:4 area_name: 古墩路 ,distinct_name: 西湖区 Fail reason: httpcode 404 ,message Not Found
2017-04-10 17:10:40 [OkHttp https://www.lagou.com/...] wuxian.me.lagouspider.control.FailureMonitor.fail(FailureMonitor.java:86) Job fail,fail times: 1 AreaPageSpider index:5 area_name: 高新文教区 ,distinct_name: 西湖区 Fail reason: httpcode 404 ,message Not Found
2017-04-10 17:10:42 [OkHttp https://www.lagou.com/...] wuxian.me.lagouspider.control.FailureMonitor.fail(FailureMonitor.java:86) Job fail,fail times: 1 AreaPageSpider index:3 area_name: 高新文教区 ,distinct_name: 西湖区 Fail reason: httpcode 404 ,message Not Found
2017-04-10 17:10:42 [OkHttp https://www.lagou.com/...] wuxian.me.lagouspider.control.FailureMonitor.fail(FailureMonitor.java:86) Job fail,fail times: 1 AreaPageSpider index:2 area_name: 高新文教区 ,distinct_name: 西湖区 Fail reason: httpcode 404 ,message Not Found
2017-04-10 17:10:43 [OkHttp https://www.lagou.com/...] wuxian.me.lagouspider.control.FailureMonitor.fail(FailureMonitor.java:86) Job fail,fail times: 1 AreaPageSpider index:2 area_name: 古墩路 ,distinct_name: 西湖区 Fail reason: httpcode 404 ,message Not Found
2017-04-10 17:10:45 [OkHttp https://www.lagou.com/...] wuxian.me.lagouspider.control.FailureMonitor.fail(FailureMonitor.java:86) Job fail,fail times: 1 AreaPageSpider index:1 area_name: 天目山路 ,distinct_name: 西湖区 Fail reason: httpcode 404 ,message Not Found
2017-04-10 17:10:45 [OkHttp https://www.lagou.com/...] wuxian.me.lagouspider.control.FailureMonitor.fail(FailureMonitor.java:86) Job fail,fail times: 1 AreaPageSpider index:1 area_name: 高新文教区 ,distinct_name: 西湖区 Fail reason: httpcode 404 ,message Not Found
2017-04-10 17:10:45 [OkHttp https://www.lagou.com/...] wuxian.me.lagouspider.control.FailureMonitor.fail(FailureMonitor.java:86) Job fail,fail times: 1 AreaPageSpider index:1 area_name: 翠苑 ,distinct_name: 西湖区 Fail reason: httpcode 404 ,message Not Found
2017-04-10 17:10:48 [OkHttp https://www.lagou.com/...] wuxian.me.lagouspider.control.FailureMonitor.fail(FailureMonitor.java:86) Job fail,fail times: 1 AreaPageSpider index:3 area_name: 天目山路 ,distinct_name: 西湖区 Fail reason: httpcode 404 ,message Not Found
2017-04-10 17:10:48 [OkHttp https://www.lagou.com/...] wuxian.me.lagouspider.control.FailureMonitor.fail(FailureMonitor.java:86) Job fail,fail times: 1 AreaPageSpider index:2 area_name: 天目山路 ,distinct_name: 西湖区 Fail reason: httpcode 404 ,message Not Found
2017-04-10 17:10:48 [OkHttp https://www.lagou.com/...] wuxian.me.lagouspider.control.FailureMonitor.fail(FailureMonitor.java:86) Job fail,fail times: 1 AreaPageSpider index:2 area_name: 文一路 ,distinct_name: 西湖区 Fail reason: httpcode 404 ,message Not Found
2017-04-10 17:10:49 [OkHttp https://www.lagou.com/...] wuxian.me.lagouspider.control.FailureMonitor.fail(FailureMonitor.java:86) Job fail,fail times: 1 AreaPageSpider index:4 area_name: 高新文教区 ,distinct_name: 西湖区 Fail reason: network error
2017-04-10 17:10:50 [OkHttp https://www.lagou.com/...] wuxian.me.lagouspider.control.FailureMonitor.fail(FailureMonitor.java:86) Job fail,fail times: 1 AreaPageSpider index:1 area_name: 三墩 ,distinct_name: 西湖区 Fail reason: httpcode 404 ,message Not Found
2017-04-10 17:10:51 [OkHttp https://www.lagou.com/...] wuxian.me.lagouspider.control.FailureMonitor.fail(FailureMonitor.java:86) Job fail,fail times: 1 AreaPageSpider index:1 area_name: 文二路 ,distinct_name: 西湖区 Fail reason: httpcode 404 ,message Not Found
2017-04-10 17:10:51 [OkHttp https://www.lagou.com/...] wuxian.me.lagouspider.control.FailureMonitor.fail(FailureMonitor.java:86) Job fail,fail times: 1 AreaPageSpider index:8 area_name: 古荡 ,distinct_name: 西湖区 Fail reason: httpcode 404 ,message Not Found
2017-04-10 17:10:53 [OkHttp https://www.lagou.com/...] wuxian.me.lagouspider.control.FailureMonitor.fail(FailureMonitor.java:86) Job fail,fail times: 1 AreaPageSpider index:6 area_name: 古荡 ,distinct_name: 西湖区 Fail reason: httpcode 404 ,message Not Found
2017-04-10 17:10:53 [OkHttp https://www.lagou.com/...] wuxian.me.lagouspider.control.FailureMonitor.fail(FailureMonitor.java:86) Job fail,fail times: 1 AreaPageSpider index:5 area_name: 古荡 ,distinct_name: 西湖区 Fail reason: httpcode 404 ,message Not Found
2017-04-10 17:10:56 [OkHttp https://www.lagou.com/...] wuxian.me.lagouspider.control.FailureMonitor.fail(FailureMonitor.java:86) Job fail,fail times: 1 AreaPageSpider index:1 area_name: 文一路 ,distinct_name: 西湖区 Fail reason: network error
2017-04-10 17:10:56 [OkHttp https://www.lagou.com/...] wuxian.me.lagouspider.control.FailureMonitor.fail(FailureMonitor.java:86) Job fail,fail times: 1 AreaPageSpider index:1 area_name: 古荡 ,distinct_name: 西湖区 Fail reason: network error
2017-04-10 17:11:00 [OkHttp https://www.lagou.com/...] wuxian.me.lagouspider.control.FailureMonitor.fail(FailureMonitor.java:86) Job fail,fail times: 1 AreaPageSpider index:4 area_name: 古荡 ,distinct_name: 西湖区 Fail reason: httpcode 404 ,message Not Found
2017-04-10 17:11:01 [OkHttp https://www.lagou.com/...] wuxian.me.lagouspider.control.FailureMonitor.fail(FailureMonitor.java:86) Job fail,fail times: 1 AreaPageSpider index:7 area_name: 古荡 ,distinct_name: 西湖区 Fail reason: network error
2017-04-10 17:11:03 [OkHttp https://www.lagou.com/...] wuxian.me.lagouspider.control.FailureMonitor.fail(FailureMonitor.java:86) Job fail,fail times: 1 AreaPageSpider index:4 area_name: 文三路 ,distinct_name: 西湖区 Fail reason: httpcode 404 ,message Not Found
2017-04-10 17:11:03 [OkHttp https://www.lagou.com/...] wuxian.me.lagouspider.control.FailureMonitor.fail(FailureMonitor.java:86) Job fail,fail times: 1 AreaPageSpider index:1 area_name: 文三路 ,distinct_name: 西湖区 Fail reason: httpcode 404 ,message Not Found
2017-04-10 17:11:04 [OkHttp https://www.lagou.com/...] wuxian.me.lagouspider.control.FailureMonitor.fail(FailureMonitor.java:86) Job fail,fail times: 1 AreaPageSpider index:3 area_name: 文三路 ,distinct_name: 西湖区 Fail reason: httpcode 404 ,message Not Found
2017-04-10 17:11:04 [OkHttp https://www.lagou.com/...] wuxian.me.lagouspider.control.FailureMonitor.fail(FailureMonitor.java:86) Job fail,fail times: 1 AreaPageSpider index:3 area_name: 古荡 ,distinct_name: 西湖区 Fail reason: network error
2017-04-10 17:11:05 [OkHttp https://www.lagou.com/...] wuxian.me.lagouspider.control.FailureMonitor.fail(FailureMonitor.java:86) Job fail,fail times: 1 AreaPageSpider index:2 area_name: 古荡 ,distinct_name: 西湖区 Fail reason: httpcode 404 ,message Not Found
2017-04-10 17:11:05 [OkHttp https://www.lagou.com/...] wuxian.me.lagouspider.control.FailureMonitor.fail(FailureMonitor.java:86) Job fail,fail times: 1 AreaPageSpider index:1 area_name: 文新 ,distinct_name: 西湖区 Fail reason: network error
2017-04-10 17:11:08 [OkHttp https://www.lagou.com/...] wuxian.me.lagouspider.control.FailureMonitor.fail(FailureMonitor.java:86) Job fail,fail times: 1 AreaPageSpider index:2 area_name: 文三路 ,distinct_name: 西湖区 Fail reason: httpcode 404 ,message Not Found
2017-04-10 17:11:10 [OkHttp https://www.lagou.com/...] wuxian.me.lagouspider.control.FailureMonitor.fail(FailureMonitor.java:86) Job fail,fail times: 1 AreaPageSpider index:1 area_name: 桂花园 ,distinct_name: 西湖区 Fail reason: httpcode 404 ,message Not Found
2017-04-10 17:11:10 [OkHttp https://www.lagou.com/...] wuxian.me.lagouspider.control.FailureMonitor.fail(FailureMonitor.java:86) Job fail,fail times: 1 AreaPageSpider index:1 area_name: 长河 ,distinct_name: 滨江区 Fail reason: httpcode 404 ,message Not Found
2017-04-10 17:11:10 [OkHttp https://www.lagou.com/...] wuxian.me.lagouspider.control.FailureMonitor.fail(FailureMonitor.java:86) Job fail,fail times: 1 AreaPageSpider index:4 area_name: 长河 ,distinct_name: 滨江区 Fail reason: httpcode 404 ,message Not Found
2017-04-10 17:11:10 [OkHttp https://www.lagou.com/...] wuxian.me.lagouspider.control.FailureMonitor.fail(FailureMonitor.java:86) Job fail,fail times: 1 AreaPageSpider index:10 area_name: 长河 ,distinct_name: 滨江区 Fail reason: httpcode 404 ,message Not Found
2017-04-10 17:11:11 [OkHttp https://www.lagou.com/...] wuxian.me.lagouspider.control.FailureMonitor.fail(FailureMonitor.java:86) Job fail,fail times: 1 AreaPageSpider index:11 area_name: 长河 ,distinct_name: 滨江区 Fail reason: httpcode 404 ,message Not Found
2017-04-10 17:11:13 [OkHttp https://www.lagou.com/...] wuxian.me.lagouspider.control.FailureMonitor.fail(FailureMonitor.java:86) Job fail,fail times: 1 AreaPageSpider index:9 area_name: 江南 ,distinct_name: 滨江区 Fail reason: httpcode 404 ,message Not Found
2017-04-10 17:11:13 [OkHttp https://www.lagou.com/...] wuxian.me.lagouspider.control.FailureMonitor.fail(FailureMonitor.java:86) Job fail,fail times: 1 AreaPageSpider index:2 area_name: 长河 ,distinct_name: 滨江区 Fail reason: httpcode 404 ,message Not Found
2017-04-10 17:11:13 [OkHttp https://www.lagou.com/...] wuxian.me.lagouspider.control.FailureMonitor.fail(FailureMonitor.java:86) Job fail,fail times: 1 AreaPageSpider index:7 area_name: 江南 ,distinct_name: 滨江区 Fail reason: httpcode 404 ,message Not Found
2017-04-10 17:11:15 [OkHttp https://www.lagou.com/...] wuxian.me.lagouspider.control.FailureMonitor.fail(FailureMonitor.java:86) Job fail,fail times: 1 AreaPageSpider index:5 area_name: 长河 ,distinct_name: 滨江区 Fail reason: httpcode 404 ,message Not Found
2017-04-10 17:11:15 [OkHttp https://www.lagou.com/...] wuxian.me.lagouspider.control.FailureMonitor.fail(FailureMonitor.java:86) Job fail,fail times: 1 AreaPageSpider index:6 area_name: 长河 ,distinct_name: 滨江区 Fail reason: httpcode 404 ,message Not Found
2017-04-10 17:11:15 [OkHttp https://www.lagou.com/...] wuxian.me.lagouspider.control.FailureMonitor.fail(FailureMonitor.java:86) Job fail,fail times: 1 AreaPageSpider index:7 area_name: 长河 ,distinct_name: 滨江区 Fail reason: httpcode 404 ,message Not Found
2017-04-10 17:11:15 [OkHttp https://www.lagou.com/...] wuxian.me.lagouspider.control.FailureMonitor.fail(FailureMonitor.java:86) Job fail,fail times: 1 AreaPageSpider index:4 area_name: 江南 ,distinct_name: 滨江区 Fail reason: httpcode 404 ,message Not Found
2017-04-10 17:11:17 [OkHttp https://www.lagou.com/...] wuxian.me.lagouspider.control.FailureMonitor.fail(FailureMonitor.java:86) Job fail,fail times: 1 AreaPageSpider index:12 area_name: 长河 ,distinct_name: 滨江区 Fail reason: httpcode 404 ,message Not Found
2017-04-10 17:11:18 [OkHttp https://www.lagou.com/...] wuxian.me.lagouspider.control.FailureMonitor.fail(FailureMonitor.java:86) Job fail,fail times: 1 AreaPageSpider index:2 area_name: 江南 ,distinct_name: 滨江区 Fail reason: httpcode 404 ,message Not Found
2017-04-10 17:11:18 [OkHttp https://www.lagou.com/...] wuxian.me.lagouspider.control.FailureMonitor.fail(FailureMonitor.java:86) Job fail,fail times: 1 AreaPageSpider index:8 area_name: 长河 ,distinct_name: 滨江区 Fail reason: httpcode 404 ,message Not Found
2017-04-10 17:11:19 [OkHttp https://www.lagou.com/...] wuxian.me.lagouspider.control.FailureMonitor.fail(FailureMonitor.java:86) Job fail,fail times: 1 AreaPageSpider index:9 area_name: 长河 ,distinct_name: 滨江区 Fail reason: httpcode 404 ,message Not Found
2017-04-10 17:11:19 [OkHttp https://www.lagou.com/...] wuxian.me.lagouspider.control.FailureMonitor.fail(FailureMonitor.java:86) Job fail,fail times: 1 AreaPageSpider index:3 area_name: 长河 ,distinct_name: 滨江区 Fail reason: httpcode 404 ,message Not Found
2017-04-10 17:11:24 [OkHttp https://www.lagou.com/...] wuxian.me.lagouspider.control.FailureMonitor.fail(FailureMonitor.java:86) Job fail,fail times: 1 AreaPageSpider index:6 area_name: 江南 ,distinct_name: 滨江区 Fail reason: httpcode 404 ,message Not Found
2017-04-10 17:11:25 [OkHttp https://www.lagou.com/...] wuxian.me.lagouspider.control.FailureMonitor.fail(FailureMonitor.java:86) Job fail,fail times: 1 AreaPageSpider index:5 area_name: 江南 ,distinct_name: 滨江区 Fail reason: httpcode 404 ,message Not Found
2017-04-10 17:11:27 [OkHttp https://www.lagou.com/...] wuxian.me.lagouspider.control.FailureMonitor.fail(FailureMonitor.java:86) Job fail,fail times: 1 AreaPageSpider index:8 area_name: 江南 ,distinct_name: 滨江区 Fail reason: httpcode 404 ,message Not Found
2017-04-10 17:11:29 [OkHttp https://www.lagou.com/...] wuxian.me.lagouspider.control.FailureMonitor.fail(FailureMonitor.java:86) Job fail,fail times: 1 AreaPageSpider index:3 area_name: 江南 ,distinct_name: 滨江区 Fail reason: network error
2017-04-10 17:11:30 [OkHttp https://www.lagou.com/...] wuxian.me.lagouspider.control.FailureMonitor.fail(FailureMonitor.java:86) Job fail,fail times: 1 AreaPageSpider index:4 area_name: 西兴 ,distinct_name: 滨江区 Fail reason: httpcode 404 ,message Not Found
2017-04-10 17:11:30 [OkHttp https://www.lagou.com/...] wuxian.me.lagouspider.control.FailureMonitor.fail(FailureMonitor.java:86) Job fail,fail times: 1 AreaPageSpider index:1 area_name: 江南 ,distinct_name: 滨江区 Fail reason: network error
2017-04-10 17:11:32 [OkHttp https://www.lagou.com/...] wuxian.me.lagouspider.control.FailureMonitor.fail(FailureMonitor.java:86) Job fail,fail times: 1 AreaPageSpider index:1 area_name: 浦沿 ,distinct_name: 滨江区 Fail reason: httpcode 404 ,message Not Found
2017-04-10 17:11:35 [OkHttp https://www.lagou.com/...] wuxian.me.lagouspider.control.FailureMonitor.fail(FailureMonitor.java:86) Job fail,fail times: 1 AreaPageSpider index:2 area_name: 西兴 ,distinct_name: 滨江区 Fail reason: httpcode 404 ,message Not Found
2017-04-10 17:11:36 [OkHttp https://www.lagou.com/...] wuxian.me.lagouspider.control.FailureMonitor.fail(FailureMonitor.java:86) Job fail,fail times: 1 AreaPageSpider index:1 area_name: 东新路 ,distinct_name: 下城区 Fail reason: network error
